{"/Users/sehwan/thinkhei/expo-router-tutorial/index.js": {"path":"/Users/sehwan/thinkhei/expo-router-tutorial/index.js","statementMap":{},"fnMap":{},"branchMap":{},"s":{},"f":{},"b":{}}
,"/Users/sehwan/thinkhei/expo-router-tutorial/app/_layout.js": {"path":"/Users/sehwan/thinkhei/expo-router-tutorial/app/_layout.js","statementMap":{"0":{"start":{"line":6,"column":0},"end":{"line":6,"column":36}},"1":{"start":{"line":8,"column":15},"end":{"line":24,"column":1}},"2":{"start":{"line":9,"column":26},"end":{"line":13,"column":6}},"3":{"start":{"line":15,"column":29},"end":{"line":19,"column":21}},"4":{"start":{"line":16,"column":8},"end":{"line":18,"column":9}},"5":{"start":{"line":17,"column":12},"end":{"line":17,"column":43}},"6":{"start":{"line":21,"column":4},"end":{"line":21,"column":34}},"7":{"start":{"line":21,"column":22},"end":{"line":21,"column":34}},"8":{"start":{"line":23,"column":4},"end":{"line":23,"column":49}}},"fnMap":{"0":{"name":"(anonymous_0)","decl":{"start":{"line":8,"column":15},"end":{"line":8,"column":16}},"loc":{"start":{"line":8,"column":21},"end":{"line":24,"column":1}},"line":8},"1":{"name":"(anonymous_1)","decl":{"start":{"line":15,"column":41},"end":{"line":15,"column":42}},"loc":{"start":{"line":15,"column":53},"end":{"line":19,"column":5}},"line":15}},"branchMap":{"0":{"loc":{"start":{"line":16,"column":8},"end":{"line":18,"column":9}},"type":"if","locations":[{"start":{"line":16,"column":8},"end":{"line":18,"column":9}},{"start":{},"end":{}}],"line":16},"1":{"loc":{"start":{"line":21,"column":4},"end":{"line":21,"column":34}},"type":"if","locations":[{"start":{"line":21,"column":4},"end":{"line":21,"column":34}},{"start":{},"end":{}}],"line":21}},"s":{"0":0,"1":0,"2":0,"3":0,"4":0,"5":0,"6":0,"7":0,"8":0},"f":{"0":0,"1":0},"b":{"0":[0,0],"1":[0,0]}}
,"/Users/sehwan/thinkhei/expo-router-tutorial/app/index.js": {"path":"/Users/sehwan/thinkhei/expo-router-tutorial/app/index.js","statementMap":{"0":{"start":{"line":9,"column":13},"end":{"line":59,"column":1}},"1":{"start":{"line":10,"column":19},"end":{"line":10,"column":30}},"2":{"start":{"line":11,"column":40},"end":{"line":11,"column":52}},"3":{"start":{"line":13,"column":4},"end":{"line":58,"column":5}},"4":{"start":{"line":20,"column":24},"end":{"line":24,"column":26}},"5":{"start":{"line":27,"column":24},"end":{"line":31,"column":26}},"6":{"start":{"line":48,"column":28},"end":{"line":50,"column":29}},"7":{"start":{"line":49,"column":32},"end":{"line":49,"column":68}}},"fnMap":{"0":{"name":"(anonymous_0)","decl":{"start":{"line":9,"column":13},"end":{"line":9,"column":14}},"loc":{"start":{"line":9,"column":19},"end":{"line":59,"column":1}},"line":9},"1":{"name":"(anonymous_1)","decl":{"start":{"line":19,"column":32},"end":{"line":19,"column":33}},"loc":{"start":{"line":20,"column":24},"end":{"line":24,"column":26}},"line":20},"2":{"name":"(anonymous_2)","decl":{"start":{"line":26,"column":33},"end":{"line":26,"column":34}},"loc":{"start":{"line":27,"column":24},"end":{"line":31,"column":26}},"line":27},"3":{"name":"(anonymous_3)","decl":{"start":{"line":47,"column":37},"end":{"line":47,"column":38}},"loc":{"start":{"line":47,"column":43},"end":{"line":51,"column":25}},"line":47}},"branchMap":{"0":{"loc":{"start":{"line":48,"column":28},"end":{"line":50,"column":29}},"type":"if","locations":[{"start":{"line":48,"column":28},"end":{"line":50,"column":29}},{"start":{},"end":{}}],"line":48}},"s":{"0":1,"1":4,"2":4,"3":3,"4":0,"5":0,"6":0,"7":0},"f":{"0":4,"1":0,"2":0,"3":0},"b":{"0":[0,0]},"_coverageSchema":"1a1c01bbd47fc00a2c39e90264f33305004495a9","hash":"7593073c28afb22dc22f3e6839a45b9a486d6976"}
,"/Users/sehwan/thinkhei/expo-router-tutorial/app/job-details/[id].js": {"path":"/Users/sehwan/thinkhei/expo-router-tutorial/app/job-details/[id].js","statementMap":{"0":{"start":{"line":23,"column":13},"end":{"line":23,"column":60}},"1":{"start":{"line":25,"column":19},"end":{"line":122,"column":1}},"2":{"start":{"line":26,"column":19},"end":{"line":26,"column":36}},"3":{"start":{"line":27,"column":19},"end":{"line":27,"column":30}},"4":{"start":{"line":29,"column":48},"end":{"line":31,"column":6}},"5":{"start":{"line":33,"column":40},"end":{"line":33,"column":55}},"6":{"start":{"line":34,"column":38},"end":{"line":34,"column":55}},"7":{"start":{"line":36,"column":22},"end":{"line":40,"column":10}},"8":{"start":{"line":37,"column":8},"end":{"line":37,"column":28}},"9":{"start":{"line":38,"column":8},"end":{"line":38,"column":18}},"10":{"start":{"line":39,"column":8},"end":{"line":39,"column":29}},"11":{"start":{"line":42,"column":30},"end":{"line":61,"column":5}},"12":{"start":{"line":43,"column":8},"end":{"line":60,"column":9}},"13":{"start":{"line":45,"column":16},"end":{"line":48,"column":18}},"14":{"start":{"line":50,"column":16},"end":{"line":52,"column":18}},"15":{"start":{"line":54,"column":16},"end":{"line":57,"column":18}},"16":{"start":{"line":59,"column":16},"end":{"line":59,"column":22}},"17":{"start":{"line":63,"column":4},"end":{"line":121,"column":5}},"18":{"start":{"line":71,"column":24},"end":{"line":75,"column":26}},"19":{"start":{"line":74,"column":47},"end":{"line":74,"column":60}},"20":{"start":{"line":78,"column":24},"end":{"line":82,"column":26}},"21":{"start":{"line":81,"column":47},"end":{"line":81,"column":60}}},"fnMap":{"0":{"name":"(anonymous_0)","decl":{"start":{"line":25,"column":19},"end":{"line":25,"column":20}},"loc":{"start":{"line":25,"column":25},"end":{"line":122,"column":1}},"line":25},"1":{"name":"(anonymous_1)","decl":{"start":{"line":36,"column":34},"end":{"line":36,"column":35}},"loc":{"start":{"line":36,"column":40},"end":{"line":40,"column":5}},"line":36},"2":{"name":"(anonymous_2)","decl":{"start":{"line":42,"column":30},"end":{"line":42,"column":31}},"loc":{"start":{"line":42,"column":36},"end":{"line":61,"column":5}},"line":42},"3":{"name":"(anonymous_3)","decl":{"start":{"line":70,"column":32},"end":{"line":70,"column":33}},"loc":{"start":{"line":71,"column":24},"end":{"line":75,"column":26}},"line":71},"4":{"name":"(anonymous_4)","decl":{"start":{"line":74,"column":41},"end":{"line":74,"column":42}},"loc":{"start":{"line":74,"column":47},"end":{"line":74,"column":60}},"line":74},"5":{"name":"(anonymous_5)","decl":{"start":{"line":77,"column":33},"end":{"line":77,"column":34}},"loc":{"start":{"line":78,"column":24},"end":{"line":82,"column":26}},"line":78},"6":{"name":"(anonymous_6)","decl":{"start":{"line":81,"column":41},"end":{"line":81,"column":42}},"loc":{"start":{"line":81,"column":47},"end":{"line":81,"column":60}},"line":81}},"branchMap":{"0":{"loc":{"start":{"line":43,"column":8},"end":{"line":60,"column":9}},"type":"switch","locations":[{"start":{"line":44,"column":12},"end":{"line":48,"column":18}},{"start":{"line":49,"column":12},"end":{"line":52,"column":18}},{"start":{"line":53,"column":12},"end":{"line":57,"column":18}},{"start":{"line":58,"column":12},"end":{"line":59,"column":22}}],"line":43},"1":{"loc":{"start":{"line":47,"column":28},"end":{"line":47,"column":77}},"type":"binary-expr","locations":[{"start":{"line":47,"column":28},"end":{"line":47,"column":66}},{"start":{"line":47,"column":70},"end":{"line":47,"column":77}}],"line":47},"2":{"loc":{"start":{"line":51,"column":26},"end":{"line":51,"column":71}},"type":"binary-expr","locations":[{"start":{"line":51,"column":26},"end":{"line":51,"column":49}},{"start":{"line":51,"column":53},"end":{"line":51,"column":71}}],"line":51},"3":{"loc":{"start":{"line":56,"column":28},"end":{"line":56,"column":79}},"type":"binary-expr","locations":[{"start":{"line":56,"column":28},"end":{"line":56,"column":68}},{"start":{"line":56,"column":72},"end":{"line":56,"column":79}}],"line":56},"4":{"loc":{"start":{"line":92,"column":21},"end":{"line":115,"column":21}},"type":"cond-expr","locations":[{"start":{"line":93,"column":24},"end":{"line":93,"column":80}},{"start":{"line":94,"column":24},"end":{"line":115,"column":21}}],"line":92},"5":{"loc":{"start":{"line":94,"column":24},"end":{"line":115,"column":21}},"type":"cond-expr","locations":[{"start":{"line":95,"column":24},"end":{"line":95,"column":57}},{"start":{"line":96,"column":24},"end":{"line":115,"column":21}}],"line":94},"6":{"loc":{"start":{"line":96,"column":24},"end":{"line":115,"column":21}},"type":"cond-expr","locations":[{"start":{"line":97,"column":24},"end":{"line":97,"column":44}},{"start":{"line":99,"column":24},"end":{"line":114,"column":31}}],"line":96},"7":{"loc":{"start":{"line":118,"column":32},"end":{"line":118,"column":100}},"type":"binary-expr","locations":[{"start":{"line":118,"column":32},"end":{"line":118,"column":56}},{"start":{"line":118,"column":60},"end":{"line":118,"column":100}}],"line":118}},"s":{"0":0,"1":0,"2":0,"3":0,"4":0,"5":0,"6":0,"7":0,"8":0,"9":0,"10":0,"11":0,"12":0,"13":0,"14":0,"15":0,"16":0,"17":0,"18":0,"19":0,"20":0,"21":0},"f":{"0":0,"1":0,"2":0,"3":0,"4":0,"5":0,"6":0},"b":{"0":[0,0,0,0],"1":[0,0],"2":[0,0],"3":[0,0],"4":[0,0],"5":[0,0],"6":[0,0],"7":[0,0]}}
,"/Users/sehwan/thinkhei/expo-router-tutorial/app/search/[id].js": {"path":"/Users/sehwan/thinkhei/expo-router-tutorial/app/search/[id].js","statementMap":{"0":{"start":{"line":12,"column":20},"end":{"line":12,"column":72}},"1":{"start":{"line":14,"column":18},"end":{"line":137,"column":1}},"2":{"start":{"line":15,"column":19},"end":{"line":15,"column":36}},"3":{"start":{"line":16,"column":19},"end":{"line":16,"column":30}},"4":{"start":{"line":18,"column":44},"end":{"line":18,"column":56}},"5":{"start":{"line":19,"column":44},"end":{"line":19,"column":59}},"6":{"start":{"line":20,"column":42},"end":{"line":20,"column":56}},"7":{"start":{"line":21,"column":28},"end":{"line":21,"column":39}},"8":{"start":{"line":23,"column":25},"end":{"line":49,"column":5}},"9":{"start":{"line":24,"column":8},"end":{"line":24,"column":30}},"10":{"start":{"line":25,"column":8},"end":{"line":25,"column":27}},"11":{"start":{"line":27,"column":8},"end":{"line":48,"column":9}},"12":{"start":{"line":28,"column":28},"end":{"line":39,"column":13}},"13":{"start":{"line":41,"column":29},"end":{"line":41,"column":57}},"14":{"start":{"line":42,"column":12},"end":{"line":42,"column":48}},"15":{"start":{"line":44,"column":12},"end":{"line":44,"column":34}},"16":{"start":{"line":45,"column":12},"end":{"line":45,"column":31}},"17":{"start":{"line":47,"column":12},"end":{"line":47,"column":35}},"18":{"start":{"line":51,"column":29},"end":{"line":59,"column":5}},"19":{"start":{"line":52,"column":8},"end":{"line":58,"column":9}},"20":{"start":{"line":53,"column":12},"end":{"line":53,"column":29}},"21":{"start":{"line":54,"column":12},"end":{"line":54,"column":26}},"22":{"start":{"line":55,"column":15},"end":{"line":58,"column":9}},"23":{"start":{"line":56,"column":12},"end":{"line":56,"column":29}},"24":{"start":{"line":57,"column":12},"end":{"line":57,"column":26}},"25":{"start":{"line":61,"column":4},"end":{"line":63,"column":10}},"26":{"start":{"line":62,"column":8},"end":{"line":62,"column":22}},"27":{"start":{"line":65,"column":4},"end":{"line":136,"column":5}},"28":{"start":{"line":72,"column":24},"end":{"line":76,"column":26}},"29":{"start":{"line":75,"column":47},"end":{"line":75,"column":60}},"30":{"start":{"line":85,"column":20},"end":{"line":88,"column":22}},"31":{"start":{"line":87,"column":46},"end":{"line":87,"column":88}},"32":{"start":{"line":90,"column":40},"end":{"line":90,"column":51}},"33":{"start":{"line":93,"column":20},"end":{"line":105,"column":23}},"34":{"start":{"line":108,"column":20},"end":{"line":132,"column":27}},"35":{"start":{"line":111,"column":43},"end":{"line":111,"column":67}},"36":{"start":{"line":124,"column":43},"end":{"line":124,"column":68}}},"fnMap":{"0":{"name":"(anonymous_0)","decl":{"start":{"line":14,"column":18},"end":{"line":14,"column":19}},"loc":{"start":{"line":14,"column":24},"end":{"line":137,"column":1}},"line":14},"1":{"name":"(anonymous_1)","decl":{"start":{"line":23,"column":25},"end":{"line":23,"column":26}},"loc":{"start":{"line":23,"column":37},"end":{"line":49,"column":5}},"line":23},"2":{"name":"(anonymous_2)","decl":{"start":{"line":51,"column":29},"end":{"line":51,"column":30}},"loc":{"start":{"line":51,"column":44},"end":{"line":59,"column":5}},"line":51},"3":{"name":"(anonymous_3)","decl":{"start":{"line":61,"column":14},"end":{"line":61,"column":15}},"loc":{"start":{"line":61,"column":20},"end":{"line":63,"column":5}},"line":61},"4":{"name":"(anonymous_4)","decl":{"start":{"line":71,"column":32},"end":{"line":71,"column":33}},"loc":{"start":{"line":72,"column":24},"end":{"line":76,"column":26}},"line":72},"5":{"name":"(anonymous_5)","decl":{"start":{"line":75,"column":41},"end":{"line":75,"column":42}},"loc":{"start":{"line":75,"column":47},"end":{"line":75,"column":60}},"line":75},"6":{"name":"(anonymous_6)","decl":{"start":{"line":84,"column":28},"end":{"line":84,"column":29}},"loc":{"start":{"line":85,"column":20},"end":{"line":88,"column":22}},"line":85},"7":{"name":"(anonymous_7)","decl":{"start":{"line":87,"column":40},"end":{"line":87,"column":41}},"loc":{"start":{"line":87,"column":46},"end":{"line":87,"column":88}},"line":87},"8":{"name":"(anonymous_8)","decl":{"start":{"line":90,"column":30},"end":{"line":90,"column":31}},"loc":{"start":{"line":90,"column":40},"end":{"line":90,"column":51}},"line":90},"9":{"name":"(anonymous_9)","decl":{"start":{"line":92,"column":37},"end":{"line":92,"column":38}},"loc":{"start":{"line":93,"column":20},"end":{"line":105,"column":23}},"line":93},"10":{"name":"(anonymous_10)","decl":{"start":{"line":107,"column":37},"end":{"line":107,"column":38}},"loc":{"start":{"line":108,"column":20},"end":{"line":132,"column":27}},"line":108},"11":{"name":"(anonymous_11)","decl":{"start":{"line":111,"column":37},"end":{"line":111,"column":38}},"loc":{"start":{"line":111,"column":43},"end":{"line":111,"column":67}},"line":111},"12":{"name":"(anonymous_12)","decl":{"start":{"line":124,"column":37},"end":{"line":124,"column":38}},"loc":{"start":{"line":124,"column":43},"end":{"line":124,"column":68}},"line":124}},"branchMap":{"0":{"loc":{"start":{"line":52,"column":8},"end":{"line":58,"column":9}},"type":"if","locations":[{"start":{"line":52,"column":8},"end":{"line":58,"column":9}},{"start":{"line":55,"column":15},"end":{"line":58,"column":9}}],"line":52},"1":{"loc":{"start":{"line":52,"column":12},"end":{"line":52,"column":44}},"type":"binary-expr","locations":[{"start":{"line":52,"column":12},"end":{"line":52,"column":32}},{"start":{"line":52,"column":36},"end":{"line":52,"column":44}}],"line":52},"2":{"loc":{"start":{"line":55,"column":15},"end":{"line":58,"column":9}},"type":"if","locations":[{"start":{"line":55,"column":15},"end":{"line":58,"column":9}},{"start":{},"end":{}}],"line":55},"3":{"loc":{"start":{"line":99,"column":29},"end":{"line":103,"column":29}},"type":"cond-expr","locations":[{"start":{"line":100,"column":32},"end":{"line":100,"column":89}},{"start":{"line":101,"column":32},"end":{"line":103,"column":29}}],"line":99},"4":{"loc":{"start":{"line":101,"column":32},"end":{"line":103,"column":29}},"type":"binary-expr","locations":[{"start":{"line":101,"column":32},"end":{"line":101,"column":43}},{"start":{"line":102,"column":32},"end":{"line":102,"column":70}}],"line":101}},"s":{"0":0,"1":0,"2":0,"3":0,"4":0,"5":0,"6":0,"7":0,"8":0,"9":0,"10":0,"11":0,"12":0,"13":0,"14":0,"15":0,"16":0,"17":0,"18":0,"19":0,"20":0,"21":0,"22":0,"23":0,"24":0,"25":0,"26":0,"27":0,"28":0,"29":0,"30":0,"31":0,"32":0,"33":0,"34":0,"35":0,"36":0},"f":{"0":0,"1":0,"2":0,"3":0,"4":0,"5":0,"6":0,"7":0,"8":0,"9":0,"10":0,"11":0,"12":0},"b":{"0":[0,0],"1":[0,0],"2":[0,0],"3":[0,0],"4":[0,0]}}
,"/Users/sehwan/thinkhei/expo-router-tutorial/components/index.js": {"path":"/Users/sehwan/thinkhei/expo-router-tutorial/components/index.js","statementMap":{},"fnMap":{},"branchMap":{},"s":{},"f":{},"b":{},"_coverageSchema":"1a1c01bbd47fc00a2c39e90264f33305004495a9","hash":"4aaaafe6ca33f40cc2395cb7b23f47e0c36792df"}
,"/Users/sehwan/thinkhei/expo-router-tutorial/components/common/cards/nearby/NearbyJobCard.jsx": {"path":"/Users/sehwan/thinkhei/expo-router-tutorial/components/common/cards/nearby/NearbyJobCard.jsx","statementMap":{"0":{"start":{"line":6,"column":22},"end":{"line":28,"column":1}},"1":{"start":{"line":7,"column":2},"end":{"line":27,"column":4}}},"fnMap":{"0":{"name":"(anonymous_0)","decl":{"start":{"line":6,"column":22},"end":{"line":6,"column":23}},"loc":{"start":{"line":6,"column":51},"end":{"line":28,"column":1}},"line":6}},"branchMap":{"0":{"loc":{"start":{"line":12,"column":17},"end":{"line":14,"column":107}},"type":"cond-expr","locations":[{"start":{"line":13,"column":16},"end":{"line":13,"column":33}},{"start":{"line":14,"column":16},"end":{"line":14,"column":107}}],"line":12}},"s":{"0":2,"1":0},"f":{"0":0},"b":{"0":[0,0]},"_coverageSchema":"1a1c01bbd47fc00a2c39e90264f33305004495a9","hash":"da79473e7e6a7b695ac15b20434d66f3efbf8e66"}
,"/Users/sehwan/thinkhei/expo-router-tutorial/components/common/cards/nearby/nearbyjobcard.style.js": {"path":"/Users/sehwan/thinkhei/expo-router-tutorial/components/common/cards/nearby/nearbyjobcard.style.js","statementMap":{"0":{"start":{"line":5,"column":15},"end":{"line":45,"column":2}}},"fnMap":{},"branchMap":{},"s":{"0":2},"f":{},"b":{},"_coverageSchema":"1a1c01bbd47fc00a2c39e90264f33305004495a9","hash":"7cfaa103537ea61299c4a10ea74411c88bfbede8"}
,"/Users/sehwan/thinkhei/expo-router-tutorial/components/common/cards/popular/PopularJobCard.jsx": {"path":"/Users/sehwan/thinkhei/expo-router-tutorial/components/common/cards/popular/PopularJobCard.jsx","statementMap":{"0":{"start":{"line":7,"column":23},"end":{"line":34,"column":1}},"1":{"start":{"line":8,"column":2},"end":{"line":33,"column":3}},"2":{"start":{"line":11,"column":21},"end":{"line":11,"column":42}}},"fnMap":{"0":{"name":"(anonymous_0)","decl":{"start":{"line":7,"column":23},"end":{"line":7,"column":24}},"loc":{"start":{"line":7,"column":67},"end":{"line":34,"column":1}},"line":7},"1":{"name":"(anonymous_1)","decl":{"start":{"line":11,"column":15},"end":{"line":11,"column":16}},"loc":{"start":{"line":11,"column":21},"end":{"line":11,"column":42}},"line":11}},"branchMap":{"0":{"loc":{"start":{"line":15,"column":25},"end":{"line":17,"column":105}},"type":"cond-expr","locations":[{"start":{"line":16,"column":14},"end":{"line":16,"column":32}},{"start":{"line":17,"column":14},"end":{"line":17,"column":105}}],"line":15}},"s":{"0":2,"1":0,"2":0},"f":{"0":0,"1":0},"b":{"0":[0,0]},"_coverageSchema":"1a1c01bbd47fc00a2c39e90264f33305004495a9","hash":"393e801b48f8c4ee36860ba4c12e1c68e6908964"}
,"/Users/sehwan/thinkhei/expo-router-tutorial/components/common/cards/popular/popularjobcard.style.js": {"path":"/Users/sehwan/thinkhei/expo-router-tutorial/components/common/cards/popular/popularjobcard.style.js","statementMap":{"0":{"start":{"line":5,"column":15},"end":{"line":57,"column":2}},"1":{"start":{"line":6,"column":37},"end":{"line":14,"column":3}},"2":{"start":{"line":15,"column":41},"end":{"line":22,"column":3}},"3":{"start":{"line":36,"column":35},"end":{"line":40,"column":3}},"4":{"start":{"line":47,"column":31},"end":{"line":51,"column":3}}},"fnMap":{"0":{"name":"(anonymous_0)","decl":{"start":{"line":6,"column":13},"end":{"line":6,"column":14}},"loc":{"start":{"line":6,"column":37},"end":{"line":14,"column":3}},"line":6},"1":{"name":"(anonymous_1)","decl":{"start":{"line":15,"column":17},"end":{"line":15,"column":18}},"loc":{"start":{"line":15,"column":41},"end":{"line":22,"column":3}},"line":15},"2":{"name":"(anonymous_2)","decl":{"start":{"line":36,"column":11},"end":{"line":36,"column":12}},"loc":{"start":{"line":36,"column":35},"end":{"line":40,"column":3}},"line":36},"3":{"name":"(anonymous_3)","decl":{"start":{"line":47,"column":13},"end":{"line":47,"column":14}},"loc":{"start":{"line":47,"column":31},"end":{"line":51,"column":3}},"line":47}},"branchMap":{"0":{"loc":{"start":{"line":9,"column":21},"end":{"line":9,"column":74}},"type":"cond-expr","locations":[{"start":{"line":9,"column":51},"end":{"line":9,"column":65}},{"start":{"line":9,"column":68},"end":{"line":9,"column":74}}],"line":9},"1":{"loc":{"start":{"line":18,"column":21},"end":{"line":18,"column":72}},"type":"cond-expr","locations":[{"start":{"line":18,"column":51},"end":{"line":18,"column":57}},{"start":{"line":18,"column":60},"end":{"line":18,"column":72}}],"line":18},"2":{"loc":{"start":{"line":39,"column":11},"end":{"line":39,"column":70}},"type":"cond-expr","locations":[{"start":{"line":39,"column":41},"end":{"line":39,"column":53}},{"start":{"line":39,"column":56},"end":{"line":39,"column":70}}],"line":39},"3":{"loc":{"start":{"line":50,"column":11},"end":{"line":50,"column":70}},"type":"cond-expr","locations":[{"start":{"line":50,"column":41},"end":{"line":50,"column":53}},{"start":{"line":50,"column":56},"end":{"line":50,"column":70}}],"line":50}},"s":{"0":2,"1":0,"2":0,"3":0,"4":0},"f":{"0":0,"1":0,"2":0,"3":0},"b":{"0":[0,0],"1":[0,0],"2":[0,0],"3":[0,0]},"_coverageSchema":"1a1c01bbd47fc00a2c39e90264f33305004495a9","hash":"59318bfa311dafbb89c36fbc9fedd55589a18fd1"}
,"/Users/sehwan/thinkhei/expo-router-tutorial/components/common/header/ScreenHeaderBtn.jsx": {"path":"/Users/sehwan/thinkhei/expo-router-tutorial/components/common/header/ScreenHeaderBtn.jsx","statementMap":{"0":{"start":{"line":6,"column":24},"end":{"line":16,"column":1}},"1":{"start":{"line":7,"column":2},"end":{"line":15,"column":3}}},"fnMap":{"0":{"name":"(anonymous_0)","decl":{"start":{"line":6,"column":24},"end":{"line":6,"column":25}},"loc":{"start":{"line":6,"column":73},"end":{"line":16,"column":1}},"line":6}},"branchMap":{},"s":{"0":1,"1":0},"f":{"0":0},"b":{},"_coverageSchema":"1a1c01bbd47fc00a2c39e90264f33305004495a9","hash":"5c1905b14e7cabdba6f6560ba45d378018cbc8f1"}
,"/Users/sehwan/thinkhei/expo-router-tutorial/components/common/header/screenheader.style.js": {"path":"/Users/sehwan/thinkhei/expo-router-tutorial/components/common/header/screenheader.style.js","statementMap":{"0":{"start":{"line":5,"column":15},"end":{"line":19,"column":2}},"1":{"start":{"line":14,"column":26},"end":{"line":18,"column":3}}},"fnMap":{"0":{"name":"(anonymous_0)","decl":{"start":{"line":14,"column":10},"end":{"line":14,"column":11}},"loc":{"start":{"line":14,"column":26},"end":{"line":18,"column":3}},"line":14}},"branchMap":{},"s":{"0":1,"1":0},"f":{"0":0},"b":{},"_coverageSchema":"1a1c01bbd47fc00a2c39e90264f33305004495a9","hash":"4f7e3d517dfe979d4b6f894302457ad00f77dd34"}
,"/Users/sehwan/thinkhei/expo-router-tutorial/components/home/nearby/Nearbyjobs.jsx": {"path":"/Users/sehwan/thinkhei/expo-router-tutorial/components/home/nearby/Nearbyjobs.jsx","statementMap":{"0":{"start":{"line":10,"column":19},"end":{"line":43,"column":1}},"1":{"start":{"line":11,"column":17},"end":{"line":11,"column":28}},"2":{"start":{"line":12,"column":37},"end":{"line":15,"column":4}},"3":{"start":{"line":17,"column":2},"end":{"line":42,"column":4}},"4":{"start":{"line":33,"column":12},"end":{"line":37,"column":14}},"5":{"start":{"line":36,"column":36},"end":{"line":36,"column":77}}},"fnMap":{"0":{"name":"(anonymous_0)","decl":{"start":{"line":10,"column":19},"end":{"line":10,"column":20}},"loc":{"start":{"line":10,"column":25},"end":{"line":43,"column":1}},"line":10},"1":{"name":"(anonymous_1)","decl":{"start":{"line":32,"column":20},"end":{"line":32,"column":21}},"loc":{"start":{"line":33,"column":12},"end":{"line":37,"column":14}},"line":33},"2":{"name":"(anonymous_2)","decl":{"start":{"line":36,"column":30},"end":{"line":36,"column":31}},"loc":{"start":{"line":36,"column":36},"end":{"line":36,"column":77}},"line":36}},"branchMap":{"0":{"loc":{"start":{"line":27,"column":9},"end":{"line":39,"column":9}},"type":"cond-expr","locations":[{"start":{"line":28,"column":10},"end":{"line":28,"column":67}},{"start":{"line":29,"column":12},"end":{"line":39,"column":9}}],"line":27},"1":{"loc":{"start":{"line":29,"column":12},"end":{"line":39,"column":9}},"type":"cond-expr","locations":[{"start":{"line":30,"column":10},"end":{"line":30,"column":67}},{"start":{"line":32,"column":10},"end":{"line":38,"column":12}}],"line":29}},"s":{"0":2,"1":7,"2":7,"3":7,"4":0,"5":0},"f":{"0":7,"1":0,"2":0},"b":{"0":[2,5],"1":[0,5]},"_coverageSchema":"1a1c01bbd47fc00a2c39e90264f33305004495a9","hash":"d10c06fe641d98b3c26e98fc9b213a9f675da254"}
,"/Users/sehwan/thinkhei/expo-router-tutorial/components/home/nearby/nearbyjobs.style.js": {"path":"/Users/sehwan/thinkhei/expo-router-tutorial/components/home/nearby/nearbyjobs.style.js","statementMap":{"0":{"start":{"line":5,"column":15},"end":{"line":29,"column":2}}},"fnMap":{},"branchMap":{},"s":{"0":2},"f":{},"b":{},"_coverageSchema":"1a1c01bbd47fc00a2c39e90264f33305004495a9","hash":"51bc3241ca15f1eea7d821a60cfcca5da667e5c7"}
,"/Users/sehwan/thinkhei/expo-router-tutorial/components/home/popular/Popularjobs.jsx": {"path":"/Users/sehwan/thinkhei/expo-router-tutorial/components/home/popular/Popularjobs.jsx","statementMap":{"0":{"start":{"line":17,"column":20},"end":{"line":66,"column":1}},"1":{"start":{"line":18,"column":17},"end":{"line":18,"column":28}},"2":{"start":{"line":20,"column":37},"end":{"line":24,"column":4}},"3":{"start":{"line":26,"column":40},"end":{"line":26,"column":50}},"4":{"start":{"line":28,"column":26},"end":{"line":31,"column":3}},"5":{"start":{"line":29,"column":4},"end":{"line":29,"column":47}},"6":{"start":{"line":30,"column":4},"end":{"line":30,"column":32}},"7":{"start":{"line":33,"column":2},"end":{"line":65,"column":3}},"8":{"start":{"line":52,"column":14},"end":{"line":56,"column":16}},"9":{"start":{"line":58,"column":36},"end":{"line":58,"column":47}}},"fnMap":{"0":{"name":"(anonymous_0)","decl":{"start":{"line":17,"column":20},"end":{"line":17,"column":21}},"loc":{"start":{"line":17,"column":26},"end":{"line":66,"column":1}},"line":17},"1":{"name":"(anonymous_1)","decl":{"start":{"line":28,"column":26},"end":{"line":28,"column":27}},"loc":{"start":{"line":28,"column":36},"end":{"line":31,"column":3}},"line":28},"2":{"name":"(anonymous_2)","decl":{"start":{"line":51,"column":24},"end":{"line":51,"column":25}},"loc":{"start":{"line":52,"column":14},"end":{"line":56,"column":16}},"line":52},"3":{"name":"(anonymous_3)","decl":{"start":{"line":58,"column":26},"end":{"line":58,"column":27}},"loc":{"start":{"line":58,"column":36},"end":{"line":58,"column":47}},"line":58}},"branchMap":{"0":{"loc":{"start":{"line":43,"column":9},"end":{"line":62,"column":9}},"type":"cond-expr","locations":[{"start":{"line":44,"column":10},"end":{"line":44,"column":67}},{"start":{"line":45,"column":12},"end":{"line":62,"column":9}}],"line":43},"1":{"loc":{"start":{"line":45,"column":12},"end":{"line":62,"column":9}},"type":"cond-expr","locations":[{"start":{"line":46,"column":10},"end":{"line":46,"column":74}},{"start":{"line":48,"column":10},"end":{"line":61,"column":12}}],"line":45}},"s":{"0":2,"1":9,"2":9,"3":9,"4":9,"5":0,"6":0,"7":9,"8":0,"9":0},"f":{"0":9,"1":0,"2":0,"3":0},"b":{"0":[3,6],"1":[0,6]},"_coverageSchema":"1a1c01bbd47fc00a2c39e90264f33305004495a9","hash":"8fac3a74bc63503e95f8a68b46750b7b0b7f092d"}
,"/Users/sehwan/thinkhei/expo-router-tutorial/components/home/popular/popularjobs.style.js": {"path":"/Users/sehwan/thinkhei/expo-router-tutorial/components/home/popular/popularjobs.style.js","statementMap":{"0":{"start":{"line":5,"column":15},"end":{"line":27,"column":2}}},"fnMap":{},"branchMap":{},"s":{"0":2},"f":{},"b":{},"_coverageSchema":"1a1c01bbd47fc00a2c39e90264f33305004495a9","hash":"b4fe3b8093aa06d6f344b74c7d11ce2f48d56ccb"}
,"/Users/sehwan/thinkhei/expo-router-tutorial/components/home/welcome/Welcome.jsx": {"path":"/Users/sehwan/thinkhei/expo-router-tutorial/components/home/welcome/Welcome.jsx","statementMap":{"0":{"start":{"line":16,"column":17},"end":{"line":16,"column":57}},"1":{"start":{"line":17,"column":16},"end":{"line":73,"column":1}},"2":{"start":{"line":18,"column":17},"end":{"line":18,"column":28}},"3":{"start":{"line":19,"column":44},"end":{"line":19,"column":65}},"4":{"start":{"line":21,"column":2},"end":{"line":72,"column":3}},"5":{"start":{"line":34,"column":36},"end":{"line":34,"column":55}},"6":{"start":{"line":53,"column":12},"end":{"line":64,"column":31}},"7":{"start":{"line":56,"column":16},"end":{"line":56,"column":39}},"8":{"start":{"line":57,"column":16},"end":{"line":57,"column":46}},"9":{"start":{"line":66,"column":32},"end":{"line":66,"column":36}}},"fnMap":{"0":{"name":"(anonymous_0)","decl":{"start":{"line":17,"column":16},"end":{"line":17,"column":17}},"loc":{"start":{"line":17,"column":64},"end":{"line":73,"column":1}},"line":17},"1":{"name":"(anonymous_1)","decl":{"start":{"line":34,"column":26},"end":{"line":34,"column":27}},"loc":{"start":{"line":34,"column":36},"end":{"line":34,"column":55}},"line":34},"2":{"name":"(anonymous_2)","decl":{"start":{"line":52,"column":22},"end":{"line":52,"column":23}},"loc":{"start":{"line":53,"column":12},"end":{"line":64,"column":31}},"line":53},"3":{"name":"(anonymous_3)","decl":{"start":{"line":55,"column":23},"end":{"line":55,"column":24}},"loc":{"start":{"line":55,"column":29},"end":{"line":58,"column":15}},"line":55},"4":{"name":"(anonymous_4)","decl":{"start":{"line":66,"column":24},"end":{"line":66,"column":25}},"loc":{"start":{"line":66,"column":32},"end":{"line":66,"column":36}},"line":66}},"branchMap":{},"s":{"0":2,"1":2,"2":9,"3":9,"4":9,"5":0,"6":27,"7":0,"8":0,"9":27},"f":{"0":9,"1":0,"2":27,"3":0,"4":27},"b":{},"_coverageSchema":"1a1c01bbd47fc00a2c39e90264f33305004495a9","hash":"cf28f03935ac16aa405c0e8e3678422cd10c1838"}
,"/Users/sehwan/thinkhei/expo-router-tutorial/components/home/welcome/welcome.style.js": {"path":"/Users/sehwan/thinkhei/expo-router-tutorial/components/home/welcome/welcome.style.js","statementMap":{"0":{"start":{"line":5,"column":15},"end":{"line":70,"column":2}},"1":{"start":{"line":59,"column":33},"end":{"line":65,"column":3}},"2":{"start":{"line":66,"column":37},"end":{"line":69,"column":3}}},"fnMap":{"0":{"name":"(anonymous_0)","decl":{"start":{"line":59,"column":7},"end":{"line":59,"column":8}},"loc":{"start":{"line":59,"column":33},"end":{"line":65,"column":3}},"line":59},"1":{"name":"(anonymous_1)","decl":{"start":{"line":66,"column":11},"end":{"line":66,"column":12}},"loc":{"start":{"line":66,"column":37},"end":{"line":69,"column":3}},"line":66}},"branchMap":{"0":{"loc":{"start":{"line":64,"column":17},"end":{"line":64,"column":73}},"type":"cond-expr","locations":[{"start":{"line":64,"column":42},"end":{"line":64,"column":58}},{"start":{"line":64,"column":61},"end":{"line":64,"column":73}}],"line":64},"1":{"loc":{"start":{"line":68,"column":11},"end":{"line":68,"column":67}},"type":"cond-expr","locations":[{"start":{"line":68,"column":36},"end":{"line":68,"column":52}},{"start":{"line":68,"column":55},"end":{"line":68,"column":67}}],"line":68}},"s":{"0":2,"1":27,"2":27},"f":{"0":27,"1":27},"b":{"0":[9,18],"1":[9,18]},"_coverageSchema":"1a1c01bbd47fc00a2c39e90264f33305004495a9","hash":"eab835731c91df0c505ee6bf817384ce463cddfe"}
,"/Users/sehwan/thinkhei/expo-router-tutorial/components/jobdetails/about/About.jsx": {"path":"/Users/sehwan/thinkhei/expo-router-tutorial/components/jobdetails/about/About.jsx","statementMap":{"0":{"start":{"line":6,"column":14},"end":{"line":16,"column":1}},"1":{"start":{"line":7,"column":2},"end":{"line":15,"column":3}}},"fnMap":{"0":{"name":"(anonymous_0)","decl":{"start":{"line":6,"column":14},"end":{"line":6,"column":15}},"loc":{"start":{"line":6,"column":28},"end":{"line":16,"column":1}},"line":6}},"branchMap":{},"s":{"0":1,"1":0},"f":{"0":0},"b":{},"_coverageSchema":"1a1c01bbd47fc00a2c39e90264f33305004495a9","hash":"f0810a67326827cfb662406e7fa76fb28b15dffe"}
,"/Users/sehwan/thinkhei/expo-router-tutorial/components/jobdetails/about/about.style.js": {"path":"/Users/sehwan/thinkhei/expo-router-tutorial/components/jobdetails/about/about.style.js","statementMap":{"0":{"start":{"line":5,"column":15},"end":{"line":26,"column":2}}},"fnMap":{},"branchMap":{},"s":{"0":1},"f":{},"b":{},"_coverageSchema":"1a1c01bbd47fc00a2c39e90264f33305004495a9","hash":"2ed96662e4aad442ddd291cff985571d8b1f8b62"}
,"/Users/sehwan/thinkhei/expo-router-tutorial/components/jobdetails/company/Company.jsx": {"path":"/Users/sehwan/thinkhei/expo-router-tutorial/components/jobdetails/company/Company.jsx","statementMap":{"0":{"start":{"line":8,"column":16},"end":{"line":40,"column":1}},"1":{"start":{"line":9,"column":2},"end":{"line":39,"column":3}}},"fnMap":{"0":{"name":"(anonymous_0)","decl":{"start":{"line":8,"column":16},"end":{"line":8,"column":17}},"loc":{"start":{"line":8,"column":70},"end":{"line":40,"column":1}},"line":8}},"branchMap":{"0":{"loc":{"start":{"line":14,"column":17},"end":{"line":16,"column":107}},"type":"cond-expr","locations":[{"start":{"line":15,"column":16},"end":{"line":15,"column":27}},{"start":{"line":16,"column":16},"end":{"line":16,"column":107}}],"line":14}},"s":{"0":1,"1":0},"f":{"0":0},"b":{"0":[0,0]},"_coverageSchema":"1a1c01bbd47fc00a2c39e90264f33305004495a9","hash":"50ff0bbbae187d29b40e1d5034c36837ccd535bd"}
,"/Users/sehwan/thinkhei/expo-router-tutorial/components/jobdetails/company/company.style.js": {"path":"/Users/sehwan/thinkhei/expo-router-tutorial/components/jobdetails/company/company.style.js","statementMap":{"0":{"start":{"line":5,"column":15},"end":{"line":59,"column":2}}},"fnMap":{},"branchMap":{},"s":{"0":1},"f":{},"b":{},"_coverageSchema":"1a1c01bbd47fc00a2c39e90264f33305004495a9","hash":"a0dc6fe621d3b05ffe65e2d604d8600314cee889"}
,"/Users/sehwan/thinkhei/expo-router-tutorial/components/jobdetails/footer/Footer.jsx": {"path":"/Users/sehwan/thinkhei/expo-router-tutorial/components/jobdetails/footer/Footer.jsx","statementMap":{"0":{"start":{"line":7,"column":15},"end":{"line":26,"column":1}},"1":{"start":{"line":8,"column":2},"end":{"line":25,"column":3}},"2":{"start":{"line":20,"column":23},"end":{"line":20,"column":43}}},"fnMap":{"0":{"name":"(anonymous_0)","decl":{"start":{"line":7,"column":15},"end":{"line":7,"column":16}},"loc":{"start":{"line":7,"column":28},"end":{"line":26,"column":1}},"line":7},"1":{"name":"(anonymous_1)","decl":{"start":{"line":20,"column":17},"end":{"line":20,"column":18}},"loc":{"start":{"line":20,"column":23},"end":{"line":20,"column":43}},"line":20}},"branchMap":{},"s":{"0":1,"1":0,"2":0},"f":{"0":0,"1":0},"b":{},"_coverageSchema":"1a1c01bbd47fc00a2c39e90264f33305004495a9","hash":"1ac18b0a5897ff5278741ee0bd8daae1d5f1dcdd"}
,"/Users/sehwan/thinkhei/expo-router-tutorial/components/jobdetails/footer/footer.style.js": {"path":"/Users/sehwan/thinkhei/expo-router-tutorial/components/jobdetails/footer/footer.style.js","statementMap":{"0":{"start":{"line":5,"column":15},"end":{"line":45,"column":2}}},"fnMap":{},"branchMap":{},"s":{"0":1},"f":{},"b":{},"_coverageSchema":"1a1c01bbd47fc00a2c39e90264f33305004495a9","hash":"ff08f9c83c6a72e42a1bb94beff9d6f9e1dbf7e0"}
,"/Users/sehwan/thinkhei/expo-router-tutorial/components/jobdetails/specifics/Specifics.jsx": {"path":"/Users/sehwan/thinkhei/expo-router-tutorial/components/jobdetails/specifics/Specifics.jsx","statementMap":{"0":{"start":{"line":6,"column":18},"end":{"line":21,"column":1}},"1":{"start":{"line":7,"column":2},"end":{"line":20,"column":3}},"2":{"start":{"line":13,"column":10},"end":{"line":16,"column":17}}},"fnMap":{"0":{"name":"(anonymous_0)","decl":{"start":{"line":6,"column":18},"end":{"line":6,"column":19}},"loc":{"start":{"line":6,"column":41},"end":{"line":21,"column":1}},"line":6},"1":{"name":"(anonymous_1)","decl":{"start":{"line":12,"column":20},"end":{"line":12,"column":21}},"loc":{"start":{"line":13,"column":10},"end":{"line":16,"column":17}},"line":13}},"branchMap":{},"s":{"0":1,"1":0,"2":0},"f":{"0":0,"1":0},"b":{},"_coverageSchema":"1a1c01bbd47fc00a2c39e90264f33305004495a9","hash":"836be95f9050260f2061bfcf38245273ed2dcb97"}
,"/Users/sehwan/thinkhei/expo-router-tutorial/components/jobdetails/specifics/specifics.style.js": {"path":"/Users/sehwan/thinkhei/expo-router-tutorial/components/jobdetails/specifics/specifics.style.js","statementMap":{"0":{"start":{"line":5,"column":15},"end":{"line":39,"column":2}}},"fnMap":{},"branchMap":{},"s":{"0":1},"f":{},"b":{},"_coverageSchema":"1a1c01bbd47fc00a2c39e90264f33305004495a9","hash":"d663616435ea30e3a0b4ea31acb528300c5b7871"}
,"/Users/sehwan/thinkhei/expo-router-tutorial/components/jobdetails/tabs/Tabs.jsx": {"path":"/Users/sehwan/thinkhei/expo-router-tutorial/components/jobdetails/tabs/Tabs.jsx","statementMap":{"0":{"start":{"line":7,"column":18},"end":{"line":14,"column":1}},"1":{"start":{"line":8,"column":2},"end":{"line":13,"column":21}},"2":{"start":{"line":16,"column":13},"end":{"line":35,"column":1}},"3":{"start":{"line":17,"column":2},"end":{"line":34,"column":3}},"4":{"start":{"line":22,"column":10},"end":{"line":26,"column":12}},"5":{"start":{"line":25,"column":38},"end":{"line":25,"column":56}},"6":{"start":{"line":30,"column":30},"end":{"line":30,"column":34}}},"fnMap":{"0":{"name":"(anonymous_0)","decl":{"start":{"line":7,"column":18},"end":{"line":7,"column":19}},"loc":{"start":{"line":8,"column":2},"end":{"line":13,"column":21}},"line":8},"1":{"name":"(anonymous_1)","decl":{"start":{"line":16,"column":13},"end":{"line":16,"column":14}},"loc":{"start":{"line":16,"column":52},"end":{"line":35,"column":1}},"line":16},"2":{"name":"(anonymous_2)","decl":{"start":{"line":21,"column":20},"end":{"line":21,"column":21}},"loc":{"start":{"line":22,"column":10},"end":{"line":26,"column":12}},"line":22},"3":{"name":"(anonymous_3)","decl":{"start":{"line":25,"column":32},"end":{"line":25,"column":33}},"loc":{"start":{"line":25,"column":38},"end":{"line":25,"column":56}},"line":25},"4":{"name":"(anonymous_4)","decl":{"start":{"line":30,"column":22},"end":{"line":30,"column":23}},"loc":{"start":{"line":30,"column":30},"end":{"line":30,"column":34}},"line":30}},"branchMap":{},"s":{"0":1,"1":0,"2":1,"3":0,"4":0,"5":0,"6":0},"f":{"0":0,"1":0,"2":0,"3":0,"4":0},"b":{},"_coverageSchema":"1a1c01bbd47fc00a2c39e90264f33305004495a9","hash":"26cadf78bc9e5ac5d164b45363240acd6ef7f50b"}
,"/Users/sehwan/thinkhei/expo-router-tutorial/components/jobdetails/tabs/tabs.style.js": {"path":"/Users/sehwan/thinkhei/expo-router-tutorial/components/jobdetails/tabs/tabs.style.js","statementMap":{"0":{"start":{"line":5,"column":15},"end":{"line":24,"column":2}},"1":{"start":{"line":10,"column":29},"end":{"line":18,"column":3}},"2":{"start":{"line":19,"column":33},"end":{"line":23,"column":3}}},"fnMap":{"0":{"name":"(anonymous_0)","decl":{"start":{"line":10,"column":7},"end":{"line":10,"column":8}},"loc":{"start":{"line":10,"column":29},"end":{"line":18,"column":3}},"line":10},"1":{"name":"(anonymous_1)","decl":{"start":{"line":19,"column":11},"end":{"line":19,"column":12}},"loc":{"start":{"line":19,"column":33},"end":{"line":23,"column":3}},"line":19}},"branchMap":{"0":{"loc":{"start":{"line":13,"column":21},"end":{"line":13,"column":68}},"type":"cond-expr","locations":[{"start":{"line":13,"column":42},"end":{"line":13,"column":56}},{"start":{"line":13,"column":59},"end":{"line":13,"column":68}}],"line":13},"1":{"loc":{"start":{"line":22,"column":11},"end":{"line":22,"column":53}},"type":"cond-expr","locations":[{"start":{"line":22,"column":32},"end":{"line":22,"column":41}},{"start":{"line":22,"column":44},"end":{"line":22,"column":53}}],"line":22}},"s":{"0":1,"1":0,"2":0},"f":{"0":0,"1":0},"b":{"0":[0,0],"1":[0,0]},"_coverageSchema":"1a1c01bbd47fc00a2c39e90264f33305004495a9","hash":"451186d67e3ec6b2da15e36a0951100880ced979"}
,"/Users/sehwan/thinkhei/expo-router-tutorial/constants/icons.js": {"path":"/Users/sehwan/thinkhei/expo-router-tutorial/constants/icons.js","statementMap":{},"fnMap":{},"branchMap":{},"s":{},"f":{},"b":{},"_coverageSchema":"1a1c01bbd47fc00a2c39e90264f33305004495a9","hash":"e9a5d6cb43ac2fff1425a7b289e6ad3453346908"}
,"/Users/sehwan/thinkhei/expo-router-tutorial/constants/images.js": {"path":"/Users/sehwan/thinkhei/expo-router-tutorial/constants/images.js","statementMap":{},"fnMap":{},"branchMap":{},"s":{},"f":{},"b":{},"_coverageSchema":"1a1c01bbd47fc00a2c39e90264f33305004495a9","hash":"246d608112e1baa9be0ecd43fc2936810f721438"}
,"/Users/sehwan/thinkhei/expo-router-tutorial/constants/index.js": {"path":"/Users/sehwan/thinkhei/expo-router-tutorial/constants/index.js","statementMap":{},"fnMap":{},"branchMap":{},"s":{},"f":{},"b":{},"_coverageSchema":"1a1c01bbd47fc00a2c39e90264f33305004495a9","hash":"ce2d66e8bafb266726eb5a560b2a7741d195784c"}
,"/Users/sehwan/thinkhei/expo-router-tutorial/constants/theme.js": {"path":"/Users/sehwan/thinkhei/expo-router-tutorial/constants/theme.js","statementMap":{"0":{"start":{"line":1,"column":15},"end":{"line":11,"column":1}},"1":{"start":{"line":13,"column":13},"end":{"line":17,"column":1}},"2":{"start":{"line":19,"column":14},"end":{"line":26,"column":1}},"3":{"start":{"line":28,"column":16},"end":{"line":49,"column":1}}},"fnMap":{},"branchMap":{},"s":{"0":4,"1":4,"2":4,"3":4},"f":{},"b":{},"_coverageSchema":"1a1c01bbd47fc00a2c39e90264f33305004495a9","hash":"c64c4b713dcc8f1ae67aade0af861fe20aefa4d3"}
,"/Users/sehwan/thinkhei/expo-router-tutorial/hook/useFetch.js": {"path":"/Users/sehwan/thinkhei/expo-router-tutorial/hook/useFetch.js","statementMap":{"0":{"start":{"line":7,"column":20},"end":{"line":7,"column":72}},"1":{"start":{"line":9,"column":17},"end":{"line":49,"column":1}},"2":{"start":{"line":10,"column":28},"end":{"line":10,"column":40}},"3":{"start":{"line":11,"column":38},"end":{"line":11,"column":53}},"4":{"start":{"line":12,"column":30},"end":{"line":12,"column":44}},"5":{"start":{"line":14,"column":20},"end":{"line":22,"column":5}},"6":{"start":{"line":24,"column":22},"end":{"line":37,"column":5}},"7":{"start":{"line":25,"column":8},"end":{"line":25,"column":27}},"8":{"start":{"line":26,"column":8},"end":{"line":36,"column":9}},"9":{"start":{"line":27,"column":29},"end":{"line":27,"column":57}},"10":{"start":{"line":29,"column":12},"end":{"line":29,"column":40}},"11":{"start":{"line":30,"column":12},"end":{"line":30,"column":32}},"12":{"start":{"line":32,"column":12},"end":{"line":32,"column":28}},"13":{"start":{"line":35,"column":12},"end":{"line":35,"column":32}},"14":{"start":{"line":39,"column":4},"end":{"line":41,"column":11}},"15":{"start":{"line":40,"column":8},"end":{"line":40,"column":20}},"16":{"start":{"line":43,"column":20},"end":{"line":46,"column":5}},"17":{"start":{"line":44,"column":8},"end":{"line":44,"column":27}},"18":{"start":{"line":45,"column":8},"end":{"line":45,"column":20}},"19":{"start":{"line":48,"column":4},"end":{"line":48,"column":46}}},"fnMap":{"0":{"name":"(anonymous_0)","decl":{"start":{"line":9,"column":17},"end":{"line":9,"column":18}},"loc":{"start":{"line":9,"column":40},"end":{"line":49,"column":1}},"line":9},"1":{"name":"(anonymous_1)","decl":{"start":{"line":24,"column":22},"end":{"line":24,"column":23}},"loc":{"start":{"line":24,"column":34},"end":{"line":37,"column":5}},"line":24},"2":{"name":"(anonymous_2)","decl":{"start":{"line":39,"column":14},"end":{"line":39,"column":15}},"loc":{"start":{"line":39,"column":20},"end":{"line":41,"column":5}},"line":39},"3":{"name":"(anonymous_3)","decl":{"start":{"line":43,"column":20},"end":{"line":43,"column":21}},"loc":{"start":{"line":43,"column":26},"end":{"line":46,"column":5}},"line":43}},"branchMap":{},"s":{"0":3,"1":3,"2":16,"3":16,"4":16,"5":16,"6":16,"7":5,"8":5,"9":5,"10":0,"11":0,"12":0,"13":0,"14":16,"15":5,"16":16,"17":0,"18":0,"19":16},"f":{"0":16,"1":5,"2":5,"3":0},"b":{},"_coverageSchema":"1a1c01bbd47fc00a2c39e90264f33305004495a9","hash":"1e3e71e9c8dfe6fc20f806fe491b4453b853885b"}
,"/Users/sehwan/thinkhei/expo-router-tutorial/styles/search.js": {"path":"/Users/sehwan/thinkhei/expo-router-tutorial/styles/search.js","statementMap":{"0":{"start":{"line":5,"column":15},"end":{"line":56,"column":2}}},"fnMap":{},"branchMap":{},"s":{"0":0},"f":{},"b":{}}
,"/Users/sehwan/thinkhei/expo-router-tutorial/utils/index.js": {"path":"/Users/sehwan/thinkhei/expo-router-tutorial/utils/index.js","statementMap":{"0":{"start":{"line":1,"column":29},"end":{"line":7,"column":1}},"1":{"start":{"line":2,"column":4},"end":{"line":6,"column":5}},"2":{"start":{"line":2,"column":14},"end":{"line":2,"column":26}},"3":{"start":{"line":4,"column":24},"end":{"line":4,"column":90}},"4":{"start":{"line":5,"column":8},"end":{"line":5,"column":33}}},"fnMap":{"0":{"name":"(anonymous_0)","decl":{"start":{"line":1,"column":29},"end":{"line":1,"column":30}},"loc":{"start":{"line":1,"column":38},"end":{"line":7,"column":1}},"line":1}},"branchMap":{"0":{"loc":{"start":{"line":2,"column":4},"end":{"line":6,"column":5}},"type":"if","locations":[{"start":{"line":2,"column":4},"end":{"line":6,"column":5}},{"start":{"line":3,"column":9},"end":{"line":6,"column":5}}],"line":2}},"s":{"0":3,"1":0,"2":0,"3":0,"4":0},"f":{"0":0},"b":{"0":[0,0]},"_coverageSchema":"1a1c01bbd47fc00a2c39e90264f33305004495a9","hash":"f99b61c8591cc9cbb66d95b2fc5f6db75ac050f6"}
}
